<?xml version="1.0" encoding="UTF-8"?>
<!-- Generated by org.testng.reporters.JUnitReportReporter -->
<testsuite skipped="0" hostname="DESKTOP-82O1LDF" name="repeatJava.TestNG1" tests="4" failures="0" timestamp="12 Jan 2020 16:47:33 GMT" time="0.010" errors="0">
  <testcase name="PrepareEmail" time="0.001" classname="repeatJava.TestNG1"/>
  <testcase name="SignOff" time="0.002" classname="repeatJava.TestNG1"/>
  <testcase name="Login" time="0.002" classname="repeatJava.TestNG1"/>
  <testcase name="FirstRegistration" time="0.005" classname="repeatJava.TestNG1"/>
</testsuite> <!-- repeatJava.TestNG1 -->
