<?xml version="1.0" encoding="UTF-8"?>
<!-- Generated by org.testng.reporters.JUnitReportReporter -->
<testsuite skipped="0" hostname="DESKTOP-82O1LDF" name="repeatJava.TestNgFramework" tests="6" failures="0" timestamp="12 Jan 2020 17:07:08 GMT" time="0.017" errors="0">
  <testcase name="Signout" time="0.001" classname="repeatJava.TestNgFramework"/>
  <testcase name="ChangeDoB" time="0.002" classname="repeatJava.TestNgFramework"/>
  <testcase name="ChangeSchool" time="0.002" classname="repeatJava.TestNgFramework"/>
  <testcase name="Signin" time="0.005" classname="repeatJava.TestNgFramework"/>
  <testcase name="Signup" time="0.005" classname="repeatJava.TestNgFramework"/>
  <testcase name="SendEmail" time="0.002" classname="repeatJava.TestNgFramework"/>
</testsuite> <!-- repeatJava.TestNgFramework -->
