<?xml version="1.0" encoding="UTF-8"?>
<!-- Generated by org.testng.reporters.JUnitReportReporter -->
<testsuite skipped="0" hostname="DESKTOP-82O1LDF" name="ActionItem_Dec2019.MortgageTestNg" tests="4" failures="0" timestamp="12 Jul 2020 23:43:51 GMT" time="10.480" errors="0">
  <testcase name="calculateButton" time="5.774" classname="ActionItem_Dec2019.MortgageTestNg"/>
  <testcase name="HomeValue" time="0.746" classname="ActionItem_Dec2019.MortgageTestNg"/>
  <testcase name="loanTerm" time="0.942" classname="ActionItem_Dec2019.MortgageTestNg"/>
  <testcase name="creditScore" time="3.018" classname="ActionItem_Dec2019.MortgageTestNg"/>
</testsuite> <!-- ActionItem_Dec2019.MortgageTestNg -->
