<?xml version="1.0" encoding="UTF-8"?>
<!-- Generated by org.testng.reporters.JUnitReportReporter -->
<testsuite skipped="0" hostname="DESKTOP-82O1LDF" name="com.app.Testcases.VerifyValidLogin" tests="1" failures="0" timestamp="25 Jan 2020 21:23:21 GMT" time="13.991" errors="0">
  <testcase name="CheckUser" time="13.991" classname="com.app.Testcases.VerifyValidLogin"/>
</testsuite> <!-- com.app.Testcases.VerifyValidLogin -->
