<?xml version="1.0" encoding="UTF-8"?>
<!-- Generated by org.testng.reporters.JUnitReportReporter -->
<testsuite skipped="0" hostname="DESKTOP-82O1LDF" name="repeatJava.ReadConfig" tests="1" failures="0" timestamp="25 Jan 2020 21:16:53 GMT" time="0.010" errors="0">
  <testcase name="readConFigFile" time="0.010" classname="repeatJava.ReadConfig"/>
</testsuite> <!-- repeatJava.ReadConfig -->
